2021-05-08 22:17:40,206 [Worker-0: Loading available Gradle versions] INFO  o.e.b.c.i.u.g.PublishedGradleVersions - Gradle version information cache is up-to-date. Trying to read.
2021-05-08 22:19:54,826 [Worker-0: Importing Maven projects] INFO  o.e.m.c.i.l.LifecycleMappingFactory - Using org.eclipse.m2e.jdt.JarLifecycleMapping lifecycle mapping for MavenProject: com.fullteaching:full-teaching:0.6-SNAPSHOT @ E:\UFF\Qualidade e Teste\full-teaching\pom.xml.
2021-05-08 22:19:57,924 [Worker-0: Importing Maven projects] WARN  o.e.m.c.i.embedder.EclipseLogger - The POM for com.googlecode.json-simple:json-simple:jar:${version.json-simple} is missing, no dependency information available
2021-05-08 22:20:01,039 [Worker-0: Importing Maven projects] INFO  o.e.m.j.i.AbstractJavaProjectConfigurator - Adding source folder /full-teaching/src/main/java
2021-05-08 22:20:01,041 [Worker-0: Importing Maven projects] INFO  o.e.m.j.i.AbstractJavaProjectConfigurator - Adding resource folder /full-teaching/src/main/resources
2021-05-08 22:20:01,064 [Worker-0: Importing Maven projects] INFO  o.e.m.j.i.AbstractJavaProjectConfigurator - Adding resource folder /full-teaching/src/main/resources
2021-05-08 22:20:01,065 [Worker-0: Importing Maven projects] INFO  o.e.m.j.i.AbstractJavaProjectConfigurator - Adding source folder /full-teaching/src/test/java
2021-05-08 22:20:04,096 [Worker-0: Importing Maven projects] INFO  o.e.m.c.i.p.ProjectConfigurationManager - Imported and configured 1 project(s) in 19 sec
2021-05-08 22:20:15,668 [Worker-26: Building] WARN  o.e.m.c.i.embedder.EclipseLogger - The POM for com.googlecode.json-simple:json-simple:jar:${version.json-simple} is missing, no dependency information available
2021-05-08 22:20:16,368 [Worker-26: Building] INFO  o.e.m.c.i.embedder.EclipseLogger - Using 'UTF-8' encoding to copy filtered resources.
2021-05-08 22:20:16,375 [Worker-26: Building] INFO  o.e.m.c.i.embedder.EclipseLogger - Copying 2 resources
2021-05-08 22:20:16,397 [Worker-26: Building] INFO  o.e.m.c.i.embedder.EclipseLogger - Copying 47 resources
2021-05-08 22:20:17,086 [Worker-26: Building] INFO  o.e.m.c.i.embedder.EclipseLogger - Using 'UTF-8' encoding to copy filtered resources.
2021-05-08 22:20:17,086 [Worker-26: Building] INFO  o.e.m.c.i.embedder.EclipseLogger - skip non existing resourceDirectory E:\UFF\Qualidade e Teste\full-teaching\src\test\resources
2021-05-08 22:21:11,182 [Worker-26: Building] INFO  o.e.m.c.i.l.LifecycleMappingFactory - Using org.eclipse.m2e.jdt.JarLifecycleMapping lifecycle mapping for MavenProject: com.fullteaching:full-teaching:0.6-SNAPSHOT @ E:\UFF\Qualidade e Teste\full-teaching\pom.xml.
2021-05-08 22:21:12,462 [Worker-26: Building] WARN  o.e.m.c.i.embedder.EclipseLogger - The POM for com.googlecode.json-simple:json-simple:jar:${version.json-simple} is missing, no dependency information available
2021-05-08 22:21:14,436 [Worker-26: Building] INFO  o.e.m.c.i.embedder.EclipseLogger - Using 'UTF-8' encoding to copy filtered resources.
2021-05-08 22:21:14,438 [Worker-26: Building] INFO  o.e.m.c.i.embedder.EclipseLogger - Copying 0 resource
2021-05-08 22:21:14,439 [Worker-26: Building] INFO  o.e.m.c.i.embedder.EclipseLogger - Copying 0 resource
2021-05-08 22:21:14,441 [Worker-26: Building] INFO  o.e.m.c.i.embedder.EclipseLogger - Using 'UTF-8' encoding to copy filtered resources.
2021-05-08 22:21:14,441 [Worker-26: Building] INFO  o.e.m.c.i.embedder.EclipseLogger - skip non existing resourceDirectory E:\UFF\Qualidade e Teste\full-teaching\src\test\resources
2021-05-08 22:21:22,834 [Worker-24: Launching Executing test in E__UFF_Qualidade e Teste_full-teaching] INFO  o.e.m.i.launch.MavenLaunchDelegate - E:\UFF\Qualidade e Teste\full-teaching
2021-05-08 22:21:22,835 [Worker-24: Launching Executing test in E__UFF_Qualidade e Teste_full-teaching] INFO  o.e.m.i.launch.MavenLaunchDelegate -  mvn -B test
2021-05-08 22:21:57,935 [Worker-25: Building] WARN  o.e.m.c.i.embedder.EclipseLogger - The POM for com.googlecode.json-simple:json-simple:jar:${version.json-simple} is missing, no dependency information available
2021-05-08 22:21:58,476 [Worker-25: Building] INFO  o.e.m.c.i.embedder.EclipseLogger - Using 'UTF-8' encoding to copy filtered resources.
2021-05-08 22:21:58,479 [Worker-25: Building] INFO  o.e.m.c.i.embedder.EclipseLogger - Copying 2 resources
2021-05-08 22:21:58,495 [Worker-25: Building] INFO  o.e.m.c.i.embedder.EclipseLogger - Copying 47 resources
2021-05-08 22:21:58,501 [Worker-25: Building] INFO  o.e.m.c.i.embedder.EclipseLogger - Using 'UTF-8' encoding to copy filtered resources.
2021-05-08 22:21:58,501 [Worker-25: Building] INFO  o.e.m.c.i.embedder.EclipseLogger - skip non existing resourceDirectory E:\UFF\Qualidade e Teste\full-teaching\src\test\resources
